2/16/2022 7:23:07 PM Info Project 'idk' created successfully and added to workspace
2/16/2022 7:23:07 PM Info Loading scenario ID: d2fa89db-1251-4bdf-b1bf-4b96016aaea4, URI: http://localhost:9098/Scenarios/d2fa89db-1251-4bdf-b1bf-4b96016aaea4/Index.html
2/16/2022 7:28:27 PM Error Exception occurred. Error: System.InvalidOperationException: A null value was returned where an instance of HttpResponseMessage was expected.
   ב-  System.Web.Http.Controllers.ResponseMessageResultConverter.Convert(HttpControllerContext controllerContext, Object actionResult)
   ב-  System.Web.Http.Controllers.ApiControllerActionInvoker.<InvokeActionAsyncCore>d__0.MoveNext()
--- סיום מעקב אחר ערימה ממיקום קודם שבו הוצגה התרעה על חריגה ---
   ב-  System.Runtime.CompilerServices.TaskAwaiter.ThrowForNonSuccess(Task task)
   ב-  System.Runtime.CompilerServices.TaskAwaiter.HandleNonSuccessAndDebuggerNotification(Task task)
   ב-  System.Web.Http.Controllers.ActionFilterResult.<ExecuteAsync>d__2.MoveNext()
--- סיום מעקב אחר ערימה ממיקום קודם שבו הוצגה התרעה על חריגה ---
   ב-  System.Runtime.CompilerServices.TaskAwaiter.ThrowForNonSuccess(Task task)
   ב-  System.Runtime.CompilerServices.TaskAwaiter.HandleNonSuccessAndDebuggerNotification(Task task)
   ב-  System.Web.Http.Controllers.ExceptionFilterResult.<ExecuteAsync>d__0.MoveNext()
2/16/2022 7:29:59 PM Info Clear all Config Template answers
2/16/2022 7:29:59 PM Info Save Config Template answers for active project
2/16/2022 7:29:59 PM Info Start provisioning package build
2/16/2022 7:29:59 PM Info Exporting customizations as a Provisioning Package to 'C:\Users\vm\AppData\Local\Temp\ICD_20220216-192959-962_26064.8_1289164618.1'
2/16/2022 7:30:00 PM Info Adding runtime settings to Provisioning Package
2/16/2022 7:30:00 PM Info CreateTempDirectory: Create directory: C:\Users\vm\AppData\Local\Temp\ICD_20220216-193000-009_26064.8_2031393097.2
2/16/2022 7:30:00 PM Info provxml writer, path = C:\Users\vm\AppData\Local\Temp\ICD_20220216-193000-009_26064.8_2031393097.2\Prov\RunTime\0__Accounts_ComputerAccount.provxml
2/16/2022 7:30:00 PM Info provxml writer, path = C:\Users\vm\AppData\Local\Temp\ICD_20220216-193000-009_26064.8_2031393097.2\Prov\RunTime\1__Accounts_Users_Administrator.provxml
2/16/2022 7:30:00 PM Info provxml writer, path = C:\Users\vm\AppData\Local\Temp\ICD_20220216-193000-009_26064.8_2031393097.2\Prov\RunTime\2__EditionUpgrade_UpgradeEditionWithProductKey.provxml
2/16/2022 7:30:00 PM Info provxml writer, path = C:\Users\vm\AppData\Local\Temp\ICD_20220216-193000-009_26064.8_2031393097.2\Prov\RunTime\3__Policies_ApplicationManagement_AllowAllTrustedApps.provxml
2/16/2022 7:30:00 PM Info provxml writer, path = C:\Users\vm\AppData\Local\Temp\ICD_20220216-193000-009_26064.8_2031393097.2\Prov\RunTime\4__OOBE_Desktop_HideOobe.provxml
2/16/2022 7:30:00 PM Info provxml writer, path = C:\Users\vm\AppData\Local\Temp\ICD_20220216-193000-009_26064.8_2031393097.2\Prov\RunTime\5__ProvisioningCommands_PrimaryContext_Command_0_CommandFile.provxml
2/16/2022 7:30:00 PM Info provxml writer, path = C:\Users\vm\AppData\Local\Temp\ICD_20220216-193000-009_26064.8_2031393097.2\Prov\RunTime\6__ProvisioningCommands_PrimaryContext_Command_0_CommandLine.provxml
2/16/2022 7:30:00 PM Info provxml writer, path = C:\Users\vm\AppData\Local\Temp\ICD_20220216-193000-009_26064.8_2031393097.2\Prov\RunTime\7__ProvisioningCommands_PrimaryContext_Command_0_ContinueInstall.provxml
2/16/2022 7:30:00 PM Info provxml writer, path = C:\Users\vm\AppData\Local\Temp\ICD_20220216-193000-009_26064.8_2031393097.2\Prov\RunTime\8__ProvisioningCommands_PrimaryContext_Command_0_RestartRequired.provxml
2/16/2022 7:30:00 PM Info provxml writer, path = C:\Users\vm\AppData\Local\Temp\ICD_20220216-193000-009_26064.8_2031393097.2\Prov\RunTime\9__ProvisioningCommands_PrimaryContext_Command_0_ReturnCodeRestart.provxml
2/16/2022 7:30:00 PM Info provxml writer, path = C:\Users\vm\AppData\Local\Temp\ICD_20220216-193000-009_26064.8_2031393097.2\Prov\RunTime\10__ProvisioningCommands_PrimaryContext_Command_0_ReturnCodeSuccess.provxml
2/16/2022 7:30:00 PM Info provxml writer, path = C:\Users\vm\AppData\Local\Temp\ICD_20220216-193000-009_26064.8_2031393097.2\Prov\RunTime\11__ConnectivityProfiles_WLAN_WLANSetting_heheboi.provxml
2/16/2022 7:30:00 PM Info Adding deployment settings to Provisioning Package
2/16/2022 7:30:00 PM Info Adding file assets to Provisioning Package
2/16/2022 7:30:00 PM Info Packaging file asset C:\Users\נעילחלןםכהםעפחע ך\Downloads\Salad-0.5.8.exe
2/16/2022 7:30:01 PM Info Sent message to all clients for project bcb9b113-4915-41f7-b969-2fe2eb22c903
2/16/2022 7:30:02 PM Info CopyFile: Source path: C:\Users\vm\AppData\Local\Temp\ICD_20220216-193002-528_26064.8_1268795996.cat, Target path: C:\Users\vm\Documents\Windows Imaging and Configuration Designer (WICD)\idk\idk.cat
2/16/2022 7:30:02 PM Info CopyFile: Source path: C:\Users\vm\AppData\Local\Temp\ICD_20220216-192959-962_26064.8_1289164618.1, Target path: C:\Users\vm\Documents\Windows Imaging and Configuration Designer (WICD)\idk\idk.ppkg
2/16/2022 7:30:02 PM Info DeleteFile: File '' does not exist
2/16/2022 7:30:02 PM Info DeleteFile: File 'C:\Users\vm\AppData\Local\Temp\ICD_20220216-192959-962_26064.8_1289164618.1' does not exist
2/16/2022 7:30:02 PM Info Provisioning package build is completed with result: Success
2/16/2022 7:30:02 PM Info Sent message to all clients for project bcb9b113-4915-41f7-b969-2fe2eb22c903
2/16/2022 8:24:21 PM Info Project 'idk' created successfully and added to workspace
2/16/2022 8:24:21 PM Info Loading scenario ID: d2fa89db-1251-4bdf-b1bf-4b96016aaea4, URI: http://localhost:9098/Scenarios/d2fa89db-1251-4bdf-b1bf-4b96016aaea4/Index.html
2/16/2022 8:25:38 PM Info Clear all Config Template answers
2/16/2022 8:25:38 PM Info Save Config Template answers for active project
2/16/2022 8:25:38 PM Info Start provisioning package build
2/16/2022 8:25:40 PM Info Exporting customizations as a Provisioning Package to 'C:\Users\vm\AppData\Local\Temp\ICD_20220216-202540-337_14072.11_869083081.1'
2/16/2022 8:25:40 PM Info Adding runtime settings to Provisioning Package
2/16/2022 8:25:40 PM Info CreateTempDirectory: Create directory: C:\Users\vm\AppData\Local\Temp\ICD_20220216-202540-407_14072.11_467652515.2
2/16/2022 8:25:40 PM Info provxml writer, path = C:\Users\vm\AppData\Local\Temp\ICD_20220216-202540-407_14072.11_467652515.2\Prov\RunTime\0__Accounts_ComputerAccount.provxml
2/16/2022 8:25:40 PM Info provxml writer, path = C:\Users\vm\AppData\Local\Temp\ICD_20220216-202540-407_14072.11_467652515.2\Prov\RunTime\1__Accounts_Users_Administrator.provxml
2/16/2022 8:25:40 PM Info provxml writer, path = C:\Users\vm\AppData\Local\Temp\ICD_20220216-202540-407_14072.11_467652515.2\Prov\RunTime\2__EditionUpgrade_UpgradeEditionWithProductKey.provxml
2/16/2022 8:25:40 PM Info provxml writer, path = C:\Users\vm\AppData\Local\Temp\ICD_20220216-202540-407_14072.11_467652515.2\Prov\RunTime\3__Policies_ApplicationManagement_AllowAllTrustedApps.provxml
2/16/2022 8:25:40 PM Info provxml writer, path = C:\Users\vm\AppData\Local\Temp\ICD_20220216-202540-407_14072.11_467652515.2\Prov\RunTime\4__OOBE_Desktop_HideOobe.provxml
2/16/2022 8:25:40 PM Info provxml writer, path = C:\Users\vm\AppData\Local\Temp\ICD_20220216-202540-407_14072.11_467652515.2\Prov\RunTime\5__ProvisioningCommands_PrimaryContext_Command_0_CommandFile.provxml
2/16/2022 8:25:40 PM Info provxml writer, path = C:\Users\vm\AppData\Local\Temp\ICD_20220216-202540-407_14072.11_467652515.2\Prov\RunTime\6__ProvisioningCommands_PrimaryContext_Command_0_CommandLine.provxml
2/16/2022 8:25:40 PM Info provxml writer, path = C:\Users\vm\AppData\Local\Temp\ICD_20220216-202540-407_14072.11_467652515.2\Prov\RunTime\7__ProvisioningCommands_PrimaryContext_Command_0_ContinueInstall.provxml
2/16/2022 8:25:40 PM Info provxml writer, path = C:\Users\vm\AppData\Local\Temp\ICD_20220216-202540-407_14072.11_467652515.2\Prov\RunTime\8__ProvisioningCommands_PrimaryContext_Command_0_RestartRequired.provxml
2/16/2022 8:25:40 PM Info provxml writer, path = C:\Users\vm\AppData\Local\Temp\ICD_20220216-202540-407_14072.11_467652515.2\Prov\RunTime\9__ProvisioningCommands_PrimaryContext_Command_0_ReturnCodeRestart.provxml
2/16/2022 8:25:40 PM Info provxml writer, path = C:\Users\vm\AppData\Local\Temp\ICD_20220216-202540-407_14072.11_467652515.2\Prov\RunTime\10__ProvisioningCommands_PrimaryContext_Command_0_ReturnCodeSuccess.provxml
2/16/2022 8:25:40 PM Info provxml writer, path = C:\Users\vm\AppData\Local\Temp\ICD_20220216-202540-407_14072.11_467652515.2\Prov\RunTime\11__ConnectivityProfiles_WLAN_WLANSetting_heheboi.provxml
2/16/2022 8:25:40 PM Info Adding deployment settings to Provisioning Package
2/16/2022 8:25:41 PM Info Adding file assets to Provisioning Package
2/16/2022 8:25:41 PM Info Packaging file asset C:\Users\נעילחלןםכהםעפחע ך\Downloads\Salad-0.5.8.exe
2/16/2022 8:25:43 PM Info Sent message to all clients for project bcb9b113-4915-41f7-b969-2fe2eb22c903
2/16/2022 8:25:44 PM Info CopyFile: File 'C:\Users\vm\Documents\Windows Imaging and Configuration Designer (WICD)\idk\idk.cat' exist and called with overwrite
2/16/2022 8:25:44 PM Info CopyFile: Source path: C:\Users\vm\AppData\Local\Temp\ICD_20220216-202544-056_14072.11_16812630.cat, Target path: C:\Users\vm\Documents\Windows Imaging and Configuration Designer (WICD)\idk\idk.cat
2/16/2022 8:25:44 PM Info CopyFile: File 'C:\Users\vm\Documents\Windows Imaging and Configuration Designer (WICD)\idk\idk.ppkg' exist and called with overwrite
2/16/2022 8:25:44 PM Info CopyFile: Source path: C:\Users\vm\AppData\Local\Temp\ICD_20220216-202540-337_14072.11_869083081.1, Target path: C:\Users\vm\Documents\Windows Imaging and Configuration Designer (WICD)\idk\idk.ppkg
2/16/2022 8:25:44 PM Info DeleteFile: File '' does not exist
2/16/2022 8:25:44 PM Info DeleteFile: File 'C:\Users\vm\AppData\Local\Temp\ICD_20220216-202540-337_14072.11_869083081.1' does not exist
2/16/2022 8:25:44 PM Info Provisioning package build is completed with result: Success
2/16/2022 8:25:44 PM Info Sent message to all clients for project bcb9b113-4915-41f7-b969-2fe2eb22c903
2/16/2022 8:26:32 PM Info Clear all Config Template answers
2/16/2022 8:26:32 PM Info Save Config Template answers for active project
2/16/2022 8:26:33 PM Info Project 'idk' created successfully and added to workspace
2/16/2022 8:26:37 PM Info Navigating to URI https://docs.microsoft.com/windows/configuration/wcd/wcd-accountmanagement#userprofilepolicies
2/16/2022 8:26:41 PM Info Navigating to URI https://docs.microsoft.com/windows/configuration/wcd/wcd-cleanpc#cleanpcretaininguserdata
2/16/2022 8:26:42 PM Info Navigating to URI https://docs.microsoft.com/windows/configuration/wcd/wcd-cleanpc#cleanpcretaininguserdata
2/16/2022 8:26:43 PM Info Navigating to URI https://docs.microsoft.com/windows/configuration/wcd/wcd-cleanpc#cleanpcwithoutretaininguserdata
2/16/2022 8:26:50 PM Info Navigating to URI https://docs.microsoft.com/windows/configuration/wcd/wcd-oobe#desktop
2/16/2022 8:26:52 PM Info Navigating to URI https://docs.microsoft.com/windows/configuration/wcd/wcd-oobe#desktop
2/16/2022 8:26:52 PM Info Navigating to URI https://docs.microsoft.com/windows/configuration/wcd/wcd-oobe#desktop
2/16/2022 8:26:52 PM Info Navigating to URI https://docs.microsoft.com/windows/configuration/wcd/wcd-oobe#desktop
2/16/2022 8:26:53 PM Info Navigating to URI https://docs.microsoft.com/windows/configuration/wcd/wcd-oobe#desktop
2/16/2022 8:26:53 PM Info Navigating to URI https://docs.microsoft.com/windows/configuration/wcd/wcd-oobe#desktop
2/16/2022 8:26:55 PM Info Navigating to URI https://docs.microsoft.com/windows/configuration/wcd/wcd-oobe#desktop
2/16/2022 8:26:57 PM Info Navigating to URI https://docs.microsoft.com/windows/configuration/wcd/wcd-oobe#desktop
2/16/2022 8:26:57 PM Info Navigating to URI https://docs.microsoft.com/windows/configuration/wcd/wcd-oobe#desktop
2/16/2022 8:27:15 PM Info Navigating to URI https://docs.microsoft.com/windows/configuration/wcd/wcd-time#provisionsettimezone
2/16/2022 8:27:24 PM Info Navigating to URI https://docs.microsoft.com/windows/configuration/wcd/wcd-privacy#letappsactivatewithvoice
2/16/2022 8:27:26 PM Info Navigating to URI https://docs.microsoft.com/windows/configuration/wcd/wcd-privacy#letappsactivatewithvoice
2/16/2022 8:27:27 PM Info Navigating to URI https://docs.microsoft.com/windows/configuration/wcd/wcd-privacy#letappsactivatewithvoiceabovelock
2/16/2022 8:27:28 PM Info Navigating to URI https://docs.microsoft.com/windows/configuration/wcd/wcd-privacy#letappsactivatewithvoice
2/16/2022 8:27:30 PM Info Navigating to URI https://docs.microsoft.com/windows/configuration/wcd/wcd-personalization#deploydesktopimage
2/16/2022 8:27:32 PM Info Navigating to URI https://docs.microsoft.com/windows/configuration/wcd/wcd-personalization#deploylockscreenimage
2/16/2022 8:27:34 PM Info Navigating to URI https://docs.microsoft.com/windows/configuration/wcd/wcd-personalization#deploydesktopimage
2/16/2022 8:27:35 PM Info Navigating to URI https://docs.microsoft.com/windows/configuration/wcd/wcd-personalization#deploydesktopimage
2/16/2022 8:29:11 PM Info Navigating to URI https://docs.microsoft.com/windows/configuration/wcd/wcd-personalization#deploydesktopimage
2/16/2022 8:29:21 PM Info Navigating to URI https://docs.microsoft.com/windows/configuration/wcd/wcd-personalization#deploylockscreenimage
2/16/2022 8:29:23 PM Info Navigating to URI https://docs.microsoft.com/windows/configuration/wcd/wcd-personalization#deploylockscreenimage
2/16/2022 8:29:30 PM Info Navigating to URI https://docs.microsoft.com/windows/configuration/wcd/wcd-personalization#desktopimageurl
2/16/2022 8:29:33 PM Info Navigating to URI https://docs.microsoft.com/windows/configuration/wcd/wcd-personalization#lockscreenimageurl
2/16/2022 8:29:35 PM Info Navigating to URI https://docs.microsoft.com/windows/configuration/wcd/wcd-personalization#deploydesktopimage
2/16/2022 8:29:42 PM Info Navigating to URI https://docs.microsoft.com/windows/configuration/wcd/wcd-start#startlayout
2/16/2022 8:29:45 PM Info Navigating to URI https://docs.microsoft.com/windows/configuration/wcd/wcd-start#startlayout
2/16/2022 8:29:53 PM Info Navigating to URI https://docs.microsoft.com/windows/configuration/wcd/wcd-start#startlayout
2/16/2022 8:29:55 PM Info Navigating to URI https://docs.microsoft.com/windows/configuration/wcd/wcd-start#startlayout
2/16/2022 8:30:00 PM Info Navigating to URI https://docs.microsoft.com/windows/configuration/wcd/wcd-usberrorsoemoverride#hideusberrornotifyoptionui
2/16/2022 8:30:02 PM Info Navigating to URI https://docs.microsoft.com/windows/configuration/wcd/wcd-usberrorsoemoverride#hideusberrornotifyoptionui
2/16/2022 8:30:02 PM Info Navigating to URI https://docs.microsoft.com/windows/configuration/wcd/wcd-usberrorsoemoverride#hideusberrornotifyoptionui
2/16/2022 8:30:03 PM Info Navigating to URI https://docs.microsoft.com/windows/configuration/wcd/wcd-usberrorsoemoverride#hideusberrornotifyoptionui
2/16/2022 8:30:03 PM Info Navigating to URI https://docs.microsoft.com/windows/configuration/wcd/wcd-usberrorsoemoverride#hideusberrornotifyoptionui
2/16/2022 8:30:04 PM Info Navigating to URI https://docs.microsoft.com/windows/configuration/wcd/wcd-usberrorsoemoverride#hideusberrornotifyoptionui
2/16/2022 8:30:07 PM Info Navigating to URI https://docs.microsoft.com/windows/configuration/wcd/wcd-usberrorsoemoverride#hideusberrornotifyoptionui
2/16/2022 8:30:10 PM Info Navigating to URI https://docs.microsoft.com/windows/configuration/wcd/wcd-tabletmode#convertibleslatemodepromptpreference
2/16/2022 8:30:13 PM Info Navigating to URI https://docs.microsoft.com/windows/configuration/wcd/wcd-tabletmode#convertibleslatemodepromptpreference
2/16/2022 8:30:14 PM Info Navigating to URI https://docs.microsoft.com/windows/configuration/wcd/wcd-tabletmode#signinmode
2/16/2022 8:30:16 PM Info Navigating to URI https://docs.microsoft.com/windows/configuration/wcd/wcd-tabletmode#convertibleslatemodepromptpreference
2/16/2022 8:30:19 PM Info Navigating to URI https://docs.microsoft.com/windows/configuration/wcd/wcd-oobe#desktop
2/16/2022 8:30:26 PM Info Navigating to URI https://docs.microsoft.com/windows/configuration/wcd/wcd-editionupgrade#changeproductkey
2/16/2022 8:30:30 PM Info Navigating to URI https://docs.microsoft.com/windows/configuration/wcd/wcd-editionupgrade#upgradeeditionwithlicense
2/16/2022 8:30:33 PM Info Navigating to URI https://docs.microsoft.com/windows/configuration/wcd/wcd-editionupgrade#upgradeeditionwithproductkey
2/16/2022 8:30:36 PM Info Navigating to URI https://docs.microsoft.com/windows/configuration/wcd/wcd-editionupgrade#upgradeeditionwithlicense
2/16/2022 8:30:41 PM Info Navigating to URI https://docs.microsoft.com/windows/configuration/wcd/wcd-editionupgrade#changeproductkey
2/16/2022 8:30:54 PM Info Navigating to URI https://docs.microsoft.com/windows/configuration/wcd/wcd-editionupgrade#changeproductkey
2/16/2022 8:31:06 PM Info Navigating to URI https://docs.microsoft.com/windows/configuration/wcd/wcd-devdetail#dnscomputername
2/16/2022 8:31:06 PM Info Navigating to URI https://docs.microsoft.com/windows/configuration/wcd/wcd-devdetail#dnscomputername
2/16/2022 8:31:10 PM Info Navigating to URI https://docs.microsoft.com/windows/configuration/wcd/wcd-desktopbackgroundandcolors#deploydesktopbackgroundfile
2/16/2022 8:31:41 PM Info Navigating to URI https://docs.microsoft.com/windows/configuration/wcd/wcd-desktopbackgroundandcolors#deploydesktopbackgroundfile
2/16/2022 8:31:50 PM Info Navigating to URI https://docs.microsoft.com/windows/configuration/wcd/wcd-countryandregion#countrycodeforextendedcapabilityprompts
2/16/2022 8:31:51 PM Info Navigating to URI https://docs.microsoft.com/windows/configuration/wcd/wcd-countryandregion#countrycodeforextendedcapabilityprompts
2/16/2022 8:31:52 PM Info Navigating to URI https://docs.microsoft.com/windows/configuration/wcd/wcd-countryandregion#countrycodeforextendedcapabilityprompts
2/16/2022 8:31:53 PM Info Navigating to URI https://docs.microsoft.com/windows/configuration/wcd/wcd-countryandregion#countrycodeforextendedcapabilityprompts
2/16/2022 8:31:59 PM Info Navigating to URI https://docs.microsoft.com/windows/configuration/wcd/wcd-connections#general
2/16/2022 8:32:04 PM Info Navigating to URI https://docs.microsoft.com/windows/configuration/wcd/wcd-connections#general
2/16/2022 8:32:05 PM Info Navigating to URI https://docs.microsoft.com/windows/configuration/wcd/wcd-connections#general
2/16/2022 8:32:17 PM Info Navigating to URI https://docs.microsoft.com/windows/configuration/wcd/wcd-accounts#users
2/16/2022 8:32:23 PM Info Navigating to URI https://docs.microsoft.com/windows/configuration/wcd/wcd-accounts#users
2/16/2022 8:32:23 PM Info Navigating to URI https://docs.microsoft.com/windows/configuration/wcd/wcd-accounts#users
2/16/2022 8:32:27 PM Info Navigating to URI https://docs.microsoft.com/windows/configuration/wcd/wcd-accounts#users
2/16/2022 8:32:27 PM Info Navigating to URI https://docs.microsoft.com/windows/configuration/wcd/wcd-accounts#users
2/16/2022 8:32:27 PM Info Navigating to URI https://docs.microsoft.com/windows/configuration/wcd/wcd-accounts#users
2/16/2022 8:32:29 PM Info Navigating to URI https://docs.microsoft.com/windows/configuration/wcd/wcd-accounts#users
2/16/2022 8:32:37 PM Info Navigating to URI https://docs.microsoft.com/windows/configuration/wcd/wcd-accounts#computeraccount
2/16/2022 8:32:38 PM Info Navigating to URI https://docs.microsoft.com/windows/configuration/wcd/wcd-accounts#computeraccount
2/16/2022 8:32:39 PM Info Navigating to URI https://docs.microsoft.com/windows/configuration/wcd/wcd-accounts#computeraccount
2/16/2022 8:32:40 PM Info Navigating to URI https://docs.microsoft.com/windows/configuration/wcd/wcd-accounts#computeraccount
2/16/2022 8:32:43 PM Info Navigating to URI https://docs.microsoft.com/windows/configuration/wcd/wcd-accounts#computeraccount
2/16/2022 8:32:43 PM Info Navigating to URI https://docs.microsoft.com/windows/configuration/wcd/wcd-accounts#computeraccount
2/16/2022 8:32:45 PM Info Navigating to URI https://docs.microsoft.com/windows/configuration/wcd/wcd-accounts#computeraccount
2/16/2022 8:32:47 PM Info Navigating to URI https://docs.microsoft.com/windows/configuration/wcd/wcd-accounts#azure
2/16/2022 8:32:53 PM Info Navigating to URI https://docs.microsoft.com/windows/configuration/wcd/wcd-accountmanagement#userprofilepolicies
2/16/2022 8:32:54 PM Info Navigating to URI https://docs.microsoft.com/windows/configuration/wcd/wcd-accountmanagement#userprofilepolicies
2/16/2022 8:32:56 PM Info Navigating to URI https://docs.microsoft.com/windows/configuration/wcd/wcd-accountmanagement#userprofilepolicies
2/16/2022 8:33:54 PM Info Navigating to URI https://docs.microsoft.com/windows/configuration/wcd/wcd-browser#partnersearchcode
2/16/2022 8:33:57 PM Info Navigating to URI https://docs.microsoft.com/windows/configuration/wcd/wcd-browser#partnersearchcode
2/16/2022 8:33:58 PM Info Navigating to URI https://docs.microsoft.com/windows/configuration/wcd/wcd-browser#partnersearchcode
2/16/2022 8:34:09 PM Info Navigating to URI https://docs.microsoft.com/windows/configuration/wcd/wcd-cleanpc#cleanpcretaininguserdata
2/16/2022 8:34:32 PM Info Navigating to URI https://docs.microsoft.com/windows/configuration/wcd/wcd-maps#chinavariantwin10
2/16/2022 8:34:34 PM Info Navigating to URI https://docs.microsoft.com/windows/configuration/wcd/wcd-maps#useexternalstorage
2/16/2022 8:34:35 PM Info Navigating to URI https://docs.microsoft.com/windows/configuration/wcd/wcd-maps#usesmallercache
2/16/2022 8:34:36 PM Info Navigating to URI https://docs.microsoft.com/windows/configuration/wcd/wcd-maps#chinavariantwin10
2/16/2022 8:34:44 PM Info Navigating to URI https://docs.microsoft.com/windows/configuration/wcd/wcd-maps#useexternalstorage
2/16/2022 8:34:51 PM Info Navigating to URI https://docs.microsoft.com/windows/configuration/wcd/wcd-maps#usesmallercache
2/16/2022 8:34:53 PM Info Navigating to URI https://docs.microsoft.com/windows/configuration/wcd/wcd-maps#chinavariantwin10
2/16/2022 8:34:56 PM Info Navigating to URI https://docs.microsoft.com/windows/configuration/wcd/wcd-location#supl1
2/16/2022 8:34:59 PM Info Navigating to URI https://docs.microsoft.com/windows/configuration/wcd/wcd-location#supl1
2/16/2022 8:35:00 PM Info Navigating to URI https://docs.microsoft.com/windows/configuration/wcd/wcd-location#supl1
2/16/2022 8:35:01 PM Info Navigating to URI https://docs.microsoft.com/windows/configuration/wcd/wcd-location#supl1
2/16/2022 8:35:13 PM Info Navigating to URI https://docs.microsoft.com/windows/configuration/wcd/wcd-windowshelloforbusiness#biometrics
2/16/2022 8:35:19 PM Info Navigating to URI https://docs.microsoft.com/windows/configuration/wcd/wcd-windowshelloforbusiness#biometrics
2/16/2022 8:35:21 PM Info Navigating to URI https://docs.microsoft.com/windows/configuration/wcd/wcd-windowshelloforbusiness#biometrics
2/16/2022 8:36:07 PM Info Start Provisioning package Build for Project: idk
2/16/2022 8:36:35 PM Info Exporting customizations as a Provisioning Package to 'C:\Users\vm\AppData\Local\Temp\ICD_20220216-203635-955_14072.10_723588463.5'
2/16/2022 8:36:36 PM Info Adding runtime settings to Provisioning Package
2/16/2022 8:36:36 PM Info CreateTempDirectory: Create directory: C:\Users\vm\AppData\Local\Temp\ICD_20220216-203636-016_14072.10_1487839724.6
2/16/2022 8:36:36 PM Info provxml writer, path = C:\Users\vm\AppData\Local\Temp\ICD_20220216-203636-016_14072.10_1487839724.6\Prov\RunTime\0__Accounts_ComputerAccount.provxml
2/16/2022 8:36:36 PM Info provxml writer, path = C:\Users\vm\AppData\Local\Temp\ICD_20220216-203636-016_14072.10_1487839724.6\Prov\RunTime\1__Accounts_Users_Administrator.provxml
2/16/2022 8:36:36 PM Info provxml writer, path = C:\Users\vm\AppData\Local\Temp\ICD_20220216-203636-016_14072.10_1487839724.6\Prov\RunTime\2__EditionUpgrade_UpgradeEditionWithProductKey.provxml
2/16/2022 8:36:36 PM Info provxml writer, path = C:\Users\vm\AppData\Local\Temp\ICD_20220216-203636-016_14072.10_1487839724.6\Prov\RunTime\3__Policies_ApplicationManagement_AllowAllTrustedApps.provxml
2/16/2022 8:36:36 PM Info provxml writer, path = C:\Users\vm\AppData\Local\Temp\ICD_20220216-203636-016_14072.10_1487839724.6\Prov\RunTime\4__UsbErrorsOEMOverride_HideUsbErrorNotifyOptionUI.provxml
2/16/2022 8:36:36 PM Info provxml writer, path = C:\Users\vm\AppData\Local\Temp\ICD_20220216-203636-016_14072.10_1487839724.6\Prov\RunTime\5__OOBE_Desktop_HideOobe.provxml
2/16/2022 8:36:36 PM Info provxml writer, path = C:\Users\vm\AppData\Local\Temp\ICD_20220216-203636-016_14072.10_1487839724.6\Prov\RunTime\6__Personalization_DeployDesktopImage.provxml
2/16/2022 8:36:36 PM Info provxml writer, path = C:\Users\vm\AppData\Local\Temp\ICD_20220216-203636-016_14072.10_1487839724.6\Prov\RunTime\7__Personalization_DeployLockScreenImage.provxml
2/16/2022 8:36:36 PM Info provxml writer, path = C:\Users\vm\AppData\Local\Temp\ICD_20220216-203636-016_14072.10_1487839724.6\Prov\RunTime\8__ProvisioningCommands_PrimaryContext_Command_0_CommandFile.provxml
2/16/2022 8:36:36 PM Info provxml writer, path = C:\Users\vm\AppData\Local\Temp\ICD_20220216-203636-016_14072.10_1487839724.6\Prov\RunTime\9__ProvisioningCommands_PrimaryContext_Command_0_CommandLine.provxml
2/16/2022 8:36:36 PM Info provxml writer, path = C:\Users\vm\AppData\Local\Temp\ICD_20220216-203636-016_14072.10_1487839724.6\Prov\RunTime\10__ProvisioningCommands_PrimaryContext_Command_0_ContinueInstall.provxml
2/16/2022 8:36:36 PM Info provxml writer, path = C:\Users\vm\AppData\Local\Temp\ICD_20220216-203636-016_14072.10_1487839724.6\Prov\RunTime\11__ProvisioningCommands_PrimaryContext_Command_0_RestartRequired.provxml
2/16/2022 8:36:36 PM Info provxml writer, path = C:\Users\vm\AppData\Local\Temp\ICD_20220216-203636-016_14072.10_1487839724.6\Prov\RunTime\12__ProvisioningCommands_PrimaryContext_Command_0_ReturnCodeRestart.provxml
2/16/2022 8:36:36 PM Info provxml writer, path = C:\Users\vm\AppData\Local\Temp\ICD_20220216-203636-016_14072.10_1487839724.6\Prov\RunTime\13__ProvisioningCommands_PrimaryContext_Command_0_ReturnCodeSuccess.provxml
2/16/2022 8:36:36 PM Info provxml writer, path = C:\Users\vm\AppData\Local\Temp\ICD_20220216-203636-016_14072.10_1487839724.6\Prov\RunTime\14__ConnectivityProfiles_WLAN_WLANSetting_heheboi.provxml
2/16/2022 8:36:36 PM Info Adding deployment settings to Provisioning Package
2/16/2022 8:36:36 PM Info Adding file assets to Provisioning Package
2/16/2022 8:36:36 PM Info Packaging file asset C:\Users\vm\Documents\Windows Imaging and Configuration Designer (WICD)\idk\desktop.jpg
2/16/2022 8:36:36 PM Info Packaging file asset C:\Users\vm\Documents\Windows Imaging and Configuration Designer (WICD)\idk\desktop.jpg
2/16/2022 8:36:36 PM Info Packaging file asset C:\Users\נעילחלןםכהםעפחע ך\Downloads\Salad-0.5.8.exe
2/16/2022 8:36:39 PM Info CopyFile: File 'C:\Users\vm\Documents\Windows Imaging and Configuration Designer (WICD)\idk\idk.cat' exist and called with overwrite
2/16/2022 8:36:39 PM Info CopyFile: Source path: C:\Users\vm\AppData\Local\Temp\ICD_20220216-203639-325_14072.10_1249219572.cat, Target path: C:\Users\vm\Documents\Windows Imaging and Configuration Designer (WICD)\idk\idk.cat
2/16/2022 8:36:39 PM Info CopyFile: File 'C:\Users\vm\Documents\Windows Imaging and Configuration Designer (WICD)\idk\idk.ppkg' exist and called with overwrite
2/16/2022 8:36:39 PM Info CopyFile: Source path: C:\Users\vm\AppData\Local\Temp\ICD_20220216-203635-955_14072.10_723588463.5, Target path: C:\Users\vm\Documents\Windows Imaging and Configuration Designer (WICD)\idk\idk.ppkg
2/16/2022 8:36:39 PM Info DeleteFile: File '' does not exist
2/16/2022 8:36:39 PM Info DeleteFile: File 'C:\Users\vm\AppData\Local\Temp\ICD_20220216-203635-955_14072.10_723588463.5' does not exist
2/16/2022 8:36:39 PM Info Media Creation Build Success page
2/16/2022 8:36:45 PM Info Build workflow finished.
